2024-02-20T11:05:46.292+0800	ERROR	routes/router.go:77	panic: runtime error: invalid memory address or nil pointer dereference
2024-02-20T11:05:46.294+0800	ERROR	routes/router.go:79	stack: goroutine 76 [running]:
runtime/debug.Stack()
	/opt/homebrew/Cellar/go/1.21.1/libexec/src/runtime/debug/stack.go:24 +0x64
LiadminApi/routes.Recover.func1()
	/Users/hongge/Desktop/li/wuyoulian/admin/adminAPI/routes/router.go:79 +0x78
panic({0x103484fe0?, 0x104221d20?})
	/opt/homebrew/Cellar/go/1.21.1/libexec/src/runtime/panic.go:914 +0x218
LiadminApi/api/user.(*HandlerUser).getByUserId(0x10354b650, 0x0?)
	/Users/hongge/Desktop/li/wuyoulian/admin/adminAPI/api/user/user.go:122 +0x1a4
github.com/gin-gonic/gin.(*Context).Next(0x140002f6100)
	/opt/homebrew/opt/go@1.21/pkg/mod/github.com/gin-gonic/gin@v1.9.1/context.go:174 +0x3c
LiadminApi/routes.InitRouter.PermissionMiddleWare.func4(0x140002f6100)
	/Users/hongge/Desktop/li/wuyoulian/admin/adminAPI/routes/permission.go:66 +0x248
github.com/gin-gonic/gin.(*Context).Next(0x140002f6100)
	/opt/homebrew/opt/go@1.21/pkg/mod/github.com/gin-gonic/gin@v1.9.1/context.go:174 +0x3c
LiadminApi/routes.InitRouter.JwtToken.func3(0x140002f6100)
	/Users/hongge/Desktop/li/wuyoulian/admin/adminAPI/utils/jwt.go:111 +0x250
github.com/gin-gonic/gin.(*Context).Next(0x140002f6100)
	/opt/homebrew/opt/go@1.21/pkg/mod/github.com/gin-gonic/gin@v1.9.1/context.go:174 +0x3c
LiadminApi/routes.InitRouter.PermissionMiddleWare.func4(0x140002f6100)
	/Users/hongge/Desktop/li/wuyoulian/admin/adminAPI/routes/permission.go:66 +0x248
github.com/gin-gonic/gin.(*Context).Next(0x140002f6100)
	/opt/homebrew/opt/go@1.21/pkg/mod/github.com/gin-gonic/gin@v1.9.1/context.go:174 +0x3c
LiadminApi/routes.InitRouter.JwtToken.func3(0x140002f6100)
	/Users/hongge/Desktop/li/wuyoulian/admin/adminAPI/utils/jwt.go:111 +0x250
github.com/gin-gonic/gin.(*Context).Next(0x140002f6100)
	/opt/homebrew/opt/go@1.21/pkg/mod/github.com/gin-gonic/gin@v1.9.1/context.go:174 +0x3c
LiadminApi/routes.InitRouter.AccessLog.func2(0x140002f6100)
	/Users/hongge/Desktop/li/wuyoulian/admin/adminAPI/routes/accesslog.go:34 +0xd8
github.com/gin-gonic/gin.(*Context).Next(...)
	/opt/homebrew/opt/go@1.21/pkg/mod/github.com/gin-gonic/gin@v1.9.1/context.go:174
LiadminApi/routes.Recover(0x140002f6100)
	/Users/hongge/Desktop/li/wuyoulian/admin/adminAPI/routes/router.go:87 +0x6c
github.com/gin-gonic/gin.(*Context).Next(0x140002f6100)
	/opt/homebrew/opt/go@1.21/pkg/mod/github.com/gin-gonic/gin@v1.9.1/context.go:174 +0x3c
LiadminApi/routes.InitRouter.Cors.func1(0x140002f6100)
	/Users/hongge/Desktop/li/wuyoulian/admin/adminAPI/middleware/cors.go:18 +0x150
github.com/gin-gonic/gin.(*Context).Next(...)
	/opt/homebrew/opt/go@1.21/pkg/mod/github.com/gin-gonic/gin@v1.9.1/context.go:174
github.com/gin-gonic/gin.CustomRecoveryWithWriter.func1(0x140002f6100)
	/opt/homebrew/opt/go@1.21/pkg/mod/github.com/gin-gonic/gin@v1.9.1/recovery.go:102 +0x80
github.com/gin-gonic/gin.(*Context).Next(...)
	/opt/homebrew/opt/go@1.21/pkg/mod/github.com/gin-gonic/gin@v1.9.1/context.go:174
github.com/gin-gonic/gin.LoggerWithConfig.func1(0x140002f6100)
	/opt/homebrew/opt/go@1.21/pkg/mod/github.com/gin-gonic/gin@v1.9.1/logger.go:240 +0xb0
github.com/gin-gonic/gin.(*Context).Next(...)
	/opt/homebrew/opt/go@1.21/pkg/mod/github.com/gin-gonic/gin@v1.9.1/context.go:174
github.com/gin-gonic/gin.(*Engine).handleHTTPRequest(0x14000003d40, 0x140002f6100)
	/opt/homebrew/opt/go@1.21/pkg/mod/github.com/gin-gonic/gin@v1.9.1/gin.go:620 +0x524
github.com/gin-gonic/gin.(*Engine).ServeHTTP(0x14000003d40, {0x103555830?, 0x140006e21c0}, 0x140006bc100)
	/opt/homebrew/opt/go@1.21/pkg/mod/github.com/gin-gonic/gin@v1.9.1/gin.go:576 +0x1a0
net/http.serverHandler.ServeHTTP({0x1400029e6c0?}, {0x103555830?, 0x140006e21c0?}, 0x6?)
	/opt/homebrew/Cellar/go/1.21.1/libexec/src/net/http/server.go:2938 +0xbc
net/http.(*conn).serve(0x140006e62d0, {0x103557658, 0x1400029e150})
	/opt/homebrew/Cellar/go/1.21.1/libexec/src/net/http/server.go:2009 +0x518
created by net/http.(*Server).Serve in goroutine 50
	/opt/homebrew/Cellar/go/1.21.1/libexec/src/net/http/server.go:3086 +0x4cc

